<?xml version="1.0" encoding="UTF-8"?>
<!-- Generated by org.testng.reporters.JUnitReportReporter -->
<testsuite skipped="0" hostname="manishrashmipc" name="com.qa.tests.BasePageTest" tests="4" failures="0" timestamp="23 Feb 2020 12:27:42 GMT" time="3.343" errors="0">
  <testcase name="verifyHomePage" time="0.016" classname="com.qa.tests.BasePageTest"/>
  <testcase name="baseTest3" time="0.004" classname="com.qa.tests.BasePageTest"/>
  <testcase name="baseTest1" time="0.318" classname="com.qa.tests.BasePageTest"/>
  <testcase name="baseTest2" time="3.005" classname="com.qa.tests.BasePageTest"/>
</testsuite> <!-- com.qa.tests.BasePageTest -->
